<?xml version="1.0" encoding="UTF-8"?>
<robot generator="Robot 7.2.2 (Python 3.12.4 on darwin)" generated="2025-04-04T20:10:29.641185" rpa="false" schemaversion="5">
<suite id="s1" name="Login-Test" source="/Users/abonti/Documents/Terveyspäiväkirja/tests/login-test.robot">
<test id="s1-t1" name="Login To Health Diary With Encrypted Vars" line="13">
<kw name="New Browser" owner="Browser">
<msg time="2025-04-04T20:10:40.100596" level="INFO">{"browser": "chromium", "headless": false, "chromiumSandbox": false, "devtools": false, "handleSIGHUP": true, "handleSIGINT": true, "handleSIGTERM": true, "slowMo": 0.0, "timeout": 30000.0, "tracesDir": "/Users/abonti/Documents/Terveyspa\u0308iva\u0308kirja/outputs/browser/traces/temp/cab9a421-60e1-4b38-8a79-7a324022a875"}</msg>
<msg time="2025-04-04T20:10:40.204728" level="INFO">Starting Browser process /Applications/anaconda3/lib/python3.12/site-packages/Browser/wrapper/index.js using port 60666</msg>
<msg time="2025-04-04T20:10:40.205353" level="INFO">Node startup parameters: ['node', '/Applications/anaconda3/lib/python3.12/site-packages/Browser/wrapper/index.js', '60666']</msg>
<msg time="2025-04-04T20:10:45.195793" level="INFO">Successfully created browser with options: {"browser":"chromium","headless":false,"chromiumSandbox":false,"devtools":false,"handleSIGHUP":true,"handleSIGINT":true,"handleSIGTERM":true,"slowMo":0,"timeout":30000,"tracesDir":"/Users/abonti/Documents/Terveyspäiväkirja/outputs/browser/traces/temp/cab9a421-60e1-4b38-8a79-7a324022a875"}</msg>
<arg>chromium</arg>
<arg>headless=No</arg>
<tag>BrowserControl</tag>
<tag>Setter</tag>
<doc>Create a new playwright Browser with specified options.</doc>
<status status="PASS" start="2025-04-04T20:10:40.094842" elapsed="5.101630"/>
</kw>
<kw name="New Page" owner="Browser">
<msg time="2025-04-04T20:10:48.994543" level="INFO">Successfully initialized new page object and opened url: http://127.0.0.1:3001/Diary-FE-2025-main/vite-project/src/html/login.html</msg>
<msg time="2025-04-04T20:10:48.994678" level="INFO">No context was open. New context was automatically opened when this page is created.</msg>
<arg>${BaseUrl}/login.html</arg>
<tag>BrowserControl</tag>
<tag>Setter</tag>
<doc>Open a new Page.</doc>
<status status="PASS" start="2025-04-04T20:10:45.197624" elapsed="3.797352"/>
</kw>
<kw name="Get Title" owner="Browser">
<msg time="2025-04-04T20:10:49.010375" level="INFO">Title: 'Login Form'</msg>
<arg>==</arg>
<arg>Login Form</arg>
<tag>Assertion</tag>
<tag>Getter</tag>
<tag>PageContent</tag>
<doc>Returns the title of the current page.</doc>
<status status="PASS" start="2025-04-04T20:10:48.995327" elapsed="0.015391"/>
</kw>
<kw name="Type Text" owner="Browser">
<msg time="2025-04-04T20:10:49.012855" level="INFO">Types the text '***' in the given field.</msg>
<arg>id=login-username</arg>
<arg>${Username}</arg>
<arg>delay=0.2 s</arg>
<tag>PageContent</tag>
<tag>Setter</tag>
<doc>Types the given ``txt`` into the text field found by ``selector``.</doc>
<status status="PASS" start="2025-04-04T20:10:49.011407" elapsed="1.761073"/>
</kw>
<kw name="Type Secret" owner="Browser">
<arg>id=login-pass</arg>
<arg>$Password</arg>
<arg>delay=0.2 s</arg>
<tag>PageContent</tag>
<tag>Setter</tag>
<doc>Types the given secret from ``variable_name`` into the text field
found by ``selector``.</doc>
<status status="PASS" start="2025-04-04T20:10:50.773181" elapsed="1.272400"/>
</kw>
<kw name="Click" owner="Browser">
<msg time="2025-04-04T20:10:52.048631" level="INFO">Clicks the element 'css=.login-button'.</msg>
<arg>css=.login-button</arg>
<tag>PageContent</tag>
<tag>Setter</tag>
<doc>Simulates mouse click on the element found by ``selector``.</doc>
<status status="PASS" start="2025-04-04T20:10:52.046876" elapsed="0.058598"/>
</kw>
<kw name="Sleep" owner="BuiltIn">
<msg time="2025-04-04T20:10:54.107955" level="INFO">Slept 2 seconds.</msg>
<arg>2 s</arg>
<doc>Pauses the test executed for the given time.</doc>
<status status="PASS" start="2025-04-04T20:10:52.105908" elapsed="2.002396"/>
</kw>
<msg time="2025-04-04T20:10:54.118370" level="INFO">Set timeout to: 10000</msg>
<status status="PASS" start="2025-04-04T20:10:40.087630" elapsed="14.021774"/>
</test>
<status status="PASS" start="2025-04-04T20:10:29.643417" elapsed="24.477516"/>
</suite>
<statistics>
<total>
<stat pass="1" fail="0" skip="0">All Tests</stat>
</total>
<tag>
</tag>
<suite>
<stat name="Login-Test" id="s1" pass="1" fail="0" skip="0">Login-Test</stat>
</suite>
</statistics>
<errors>
</errors>
</robot>
