<?xml version="1.0" encoding="UTF-8"?>
<robot generator="Robot 7.2.2 (Python 3.12.4 on darwin)" generated="2025-04-17T22:08:42.461966" rpa="false" schemaversion="5">
<suite id="s1" name="Tests" source="/Users/abonti/Documents/Terveyspäiväkirja/tests">
<suite id="s1-s1" name="Api-Test" source="/Users/abonti/Documents/Terveyspäiväkirja/tests/api-test.robot">
<kw name="Kirjaudu ja tallenna token" type="SETUP">
<kw name="Create Session" owner="RequestsLibrary">
<msg time="2025-04-17T22:08:43.102106" level="INFO">Creating Session using : alias=api, url=http://127.0.0.1:3000/api, headers={},                     cookies={}, auth=None, timeout=None, proxies=None, verify=False,                     debug=0 </msg>
<arg>api</arg>
<arg>${BASE_URL}</arg>
<doc>Create Session: create a HTTP session to a server</doc>
<status status="PASS" start="2025-04-17T22:08:43.101772" elapsed="0.000742"/>
</kw>
<kw name="Create Dictionary" owner="BuiltIn">
<msg time="2025-04-17T22:08:43.103718" level="INFO">${payload} = {'username': 'x345', 'password': 'x1234567'}</msg>
<var>${payload}</var>
<arg>username=${USERNAME}</arg>
<arg>password=${PASSWORD}</arg>
<doc>Creates and returns a dictionary based on the given ``items``.</doc>
<status status="PASS" start="2025-04-17T22:08:43.102760" elapsed="0.001038"/>
</kw>
<kw name="POST On Session" owner="RequestsLibrary">
<msg time="2025-04-17T22:08:43.235020" level="INFO">POST Request : url=http://127.0.0.1:3000/api/auth/login 
 path_url=/api/auth/login 
 headers={'User-Agent': 'python-requests/2.32.2', 'Accept-Encoding': 'gzip, deflate, br, zstd', 'Accept': '*/*', 'Connection': 'keep-alive', 'Content-Length': '44', 'Content-Type': 'application/json'} 
 body=b'{"username": "x345", "password": "x1234567"}' 
 </msg>
<msg time="2025-04-17T22:08:43.235161" level="INFO">POST Response : url=http://127.0.0.1:3000/api/auth/login 
 status=200, reason=OK 
 headers={'X-Powered-By': 'Express', 'Access-Control-Allow-Origin': '*', 'Content-Type': 'application/json; charset=utf-8', 'Content-Length': '618', 'ETag': 'W/"26a-QDAr1w9wc1VbGPZTzjQznGot80I"', 'Date': 'Thu, 17 Apr 2025 19:08:43 GMT', 'Connection': 'keep-alive', 'Keep-Alive': 'timeout=5'} 
 body={"message":"login ok","user":{"user_id":2,"username":"x345","password":"$2a$10$aiSyO1Bunxb6u4FUWoMBT.jONdjJJOc2SiEguGCfWF8OlsVRkSwi2","email":"xx@example.com","created_at":"2025-03-04T11:10:55.000Z","user_level":"regular"},"token":"eyJhbGciOiJIUzI1NiIsInR5cCI6IkpXVCJ9.eyJ1c2VyX2lkIjoyLCJ1c2VybmFtZSI6IngzNDUiLCJwYXNzd29yZCI6IiQyYSQxMCRhaVN5TzFCdW54YjZ1NEZVV29NQlQuak9OZGpKSk9jMlNpRWd1R0NmV0Y4T2xzVlJrU3dpMiIsImVtYWlsIjoieHhAZXhhbXBsZS5jb20iLCJjcmVhdGVkX2F0IjoiMjAyNS0wMy0wNFQxMToxMDo1NS4wMDBaIiwidXNlcl9sZXZlbCI6InJlZ3VsYXIiLCJpYXQiOjE3NDQ5MTY5MjMsImV4cCI6MTc0NTAwMzMyM30.A1TjN8g1LOmX8iTYALQ6eQCUrypYacRCKhtYUUhN1SE"} 
 </msg>
<msg time="2025-04-17T22:08:43.235313" level="INFO">${response} = &lt;Response [200]&gt;</msg>
<var>${response}</var>
<arg>api</arg>
<arg>/auth/login</arg>
<arg>json=${payload}</arg>
<doc>Sends a POST request on a previously created HTTP Session.</doc>
<status status="PASS" start="2025-04-17T22:08:43.104007" elapsed="0.131342"/>
</kw>
<kw name="Should Be Equal As Integers" owner="BuiltIn">
<msg time="2025-04-17T22:08:43.236179" level="INFO">Argument types are:
&lt;class 'int'&gt;
&lt;class 'str'&gt;</msg>
<arg>${response.status_code}</arg>
<arg>200</arg>
<doc>Fails if objects are unequal after converting them to integers.</doc>
<status status="PASS" start="2025-04-17T22:08:43.235596" elapsed="0.000669"/>
</kw>
<kw name="Set Variable" owner="BuiltIn">
<msg time="2025-04-17T22:08:43.236936" level="INFO">${json} = {'message': 'login ok', 'user': {'user_id': 2, 'username': 'x345', 'password': '$2a$10$aiSyO1Bunxb6u4FUWoMBT.jONdjJJOc2SiEguGCfWF8OlsVRkSwi2', 'email': 'xx@example.com', 'created_at': '2025-03-04T11:1...</msg>
<var>${json}</var>
<arg>${response.json()}</arg>
<doc>Returns the given values which can then be assigned to a variables.</doc>
<status status="PASS" start="2025-04-17T22:08:43.236400" elapsed="0.000573"/>
</kw>
<kw name="Set Variable" owner="BuiltIn">
<msg time="2025-04-17T22:08:43.237566" level="INFO">${token} = Bearer eyJhbGciOiJIUzI1NiIsInR5cCI6IkpXVCJ9.eyJ1c2VyX2lkIjoyLCJ1c2VybmFtZSI6IngzNDUiLCJwYXNzd29yZCI6IiQyYSQxMCRhaVN5TzFCdW54YjZ1NEZVV29NQlQuak9OZGpKSk9jMlNpRWd1R0NmV0Y4T2xzVlJrU3dpMiIsImVtYWlsIjoieHhA...</msg>
<var>${token}</var>
<arg>Bearer ${json['token']}</arg>
<doc>Returns the given values which can then be assigned to a variables.</doc>
<status status="PASS" start="2025-04-17T22:08:43.237097" elapsed="0.000505"/>
</kw>
<kw name="Set Suite Variable" owner="BuiltIn">
<msg time="2025-04-17T22:08:43.237944" level="INFO">${token} = Bearer eyJhbGciOiJIUzI1NiIsInR5cCI6IkpXVCJ9.eyJ1c2VyX2lkIjoyLCJ1c2VybmFtZSI6IngzNDUiLCJwYXNzd29yZCI6IiQyYSQxMCRhaVN5TzFCdW54YjZ1NEZVV29NQlQuak9OZGpKSk9jMlNpRWd1R0NmV0Y4T2xzVlJrU3dpMiIsImVtYWlsIjoieHhA...</msg>
<arg>${token}</arg>
<doc>Makes a variable available everywhere within the scope of the current suite.</doc>
<status status="PASS" start="2025-04-17T22:08:43.237743" elapsed="0.000255"/>
</kw>
<kw name="Log" owner="BuiltIn">
<msg time="2025-04-17T22:08:43.238258" level="INFO">Token haettu ja tallennettu: Bearer eyJhbGciOiJIUzI1NiIsInR5cCI6IkpXVCJ9.eyJ1c2VyX2lkIjoyLCJ1c2VybmFtZSI6IngzNDUiLCJwYXNzd29yZCI6IiQyYSQxMCRhaVN5TzFCdW54YjZ1NEZVV29NQlQuak9OZGpKSk9jMlNpRWd1R0NmV0Y4T2xzVlJrU3dpMiIsImVtYWlsIjoieHhAZXhhbXBsZS5jb20iLCJjcmVhdGVkX2F0IjoiMjAyNS0wMy0wNFQxMToxMDo1NS4wMDBaIiwidXNlcl9sZXZlbCI6InJlZ3VsYXIiLCJpYXQiOjE3NDQ5MTY5MjMsImV4cCI6MTc0NTAwMzMyM30.A1TjN8g1LOmX8iTYALQ6eQCUrypYacRCKhtYUUhN1SE</msg>
<arg>Token haettu ja tallennettu: ${token}</arg>
<doc>Logs the given message with the given level.</doc>
<status status="PASS" start="2025-04-17T22:08:43.238109" elapsed="0.000205"/>
</kw>
<status status="PASS" start="2025-04-17T22:08:43.101003" elapsed="0.137417"/>
</kw>
<test id="s1-s1-t1" name="Hae kaikki merkinnät tokenilla" line="26">
<kw name="Create Dictionary" owner="BuiltIn">
<msg time="2025-04-17T22:08:43.239405" level="INFO">${headers} = {'Authorization': 'Bearer eyJhbGciOiJIUzI1NiIsInR5cCI6IkpXVCJ9.eyJ1c2VyX2lkIjoyLCJ1c2VybmFtZSI6IngzNDUiLCJwYXNzd29yZCI6IiQyYSQxMCRhaVN5TzFCdW54YjZ1NEZVV29NQlQuak9OZGpKSk9jMlNpRWd1R0NmV0Y4T2xzVlJrU3dpM...</msg>
<var>${headers}</var>
<arg>Authorization=${token}</arg>
<doc>Creates and returns a dictionary based on the given ``items``.</doc>
<status status="PASS" start="2025-04-17T22:08:43.239056" elapsed="0.000417"/>
</kw>
<kw name="GET On Session" owner="RequestsLibrary">
<msg time="2025-04-17T22:08:43.257762" level="INFO">GET Request : url=http://127.0.0.1:3000/api/entries 
 path_url=/api/entries 
 headers={'User-Agent': 'python-requests/2.32.2', 'Accept-Encoding': 'gzip, deflate, br, zstd', 'Accept': '*/*', 'Connection': 'keep-alive', 'Authorization': 'Bearer eyJhbGciOiJIUzI1NiIsInR5cCI6IkpXVCJ9.eyJ1c2VyX2lkIjoyLCJ1c2VybmFtZSI6IngzNDUiLCJwYXNzd29yZCI6IiQyYSQxMCRhaVN5TzFCdW54YjZ1NEZVV29NQlQuak9OZGpKSk9jMlNpRWd1R0NmV0Y4T2xzVlJrU3dpMiIsImVtYWlsIjoieHhAZXhhbXBsZS5jb20iLCJjcmVhdGVkX2F0IjoiMjAyNS0wMy0wNFQxMToxMDo1NS4wMDBaIiwidXNlcl9sZXZlbCI6InJlZ3VsYXIiLCJpYXQiOjE3NDQ5MTY5MjMsImV4cCI6MTc0NTAwMzMyM30.A1TjN8g1LOmX8iTYALQ6eQCUrypYacRCKhtYUUhN1SE'} 
 body=None 
 </msg>
<msg time="2025-04-17T22:08:43.257894" level="INFO">GET Response : url=http://127.0.0.1:3000/api/entries 
 status=200, reason=OK 
 headers={'X-Powered-By': 'Express', 'Access-Control-Allow-Origin': '*', 'Content-Type': 'application/json; charset=utf-8', 'Content-Length': '11160', 'ETag': 'W/"2b98-eO+TiMT+mtUORXvm9qDLMnM3nGk"', 'Date': 'Thu, 17 Apr 2025 19:08:43 GMT', 'Connection': 'keep-alive', 'Keep-Alive': 'timeout=5'} 
 body=[{"entry_id":2,"user_id":2,"entry_date":"2025-02-26T22:00:00.000Z","mood":"iloinen","energy_level":5,"stress_level":3,"sleep_hours":6,"notes":"iloinen","goals":"drink more water","created_at":"2025-03-04T12:37:33.000Z"},{"entry_id":3,"user_id":2,"entry_date":"2025-02-26T22:00:00.000Z","mood":"iloinen","energy_level":5,"stress_level":3,"sleep_hours":6,"notes":"iloinen","goals":"drink more water","created_at":"2025-03-09T21:51:04.000Z"},{"entry_id":4,"user_id":2,"entry_date":"2025-02-26T22:00:00.000Z","mood":"Happy","energy_level":8,"stress_level":3,"sleep_hours":8,"notes":"I had a good day!","goals":"Save more money!","created_at":"2025-03-10T11:21:42.000Z"},{"entry_id":5,"user_id":2,"entry_date":"2025-02-26T22:00:00.000Z","mood":"Happy","energy_level":8,"stress_level":3,"sleep_hours":8,"notes":"I had a good day!","goals":"Save more money!","created_at":"2025-03-10T15:09:37.000Z"},{"entry_id":6,"user_id":2,"entry_date":"2025-02-26T22:00:00.000Z","mood":"Happy","energy_level":8,"stress_level":3,"sleep_hours":8,"notes":"I had a good day!","goals":"Save more money!","created_at":"2025-03-10T15:10:54.000Z"},{"entry_id":7,"user_id":2,"entry_date":"2025-03-09T22:00:00.000Z","mood":"happy","energy_level":5,"stress_level":5,"sleep_hours":7,"notes":"moi","goals":"moi","created_at":"2025-03-10T15:14:37.000Z"},{"entry_id":8,"user_id":2,"entry_date":"2003-01-08T22:00:00.000Z","mood":"happy","energy_level":5,"stress_level":8,"sleep_hours":6,"notes":"moi","goals":"moi","created_at":"2025-03-10T16:55:05.000Z"},{"entry_id":9,"user_id":2,"entry_date":"2003-01-08T22:00:00.000Z","mood":"happy","energy_level":5,"stress_level":8,"sleep_hours":6,"notes":"moi","goals":"moi","created_at":"2025-03-10T16:55:54.000Z"},{"entry_id":10,"user_id":2,"entry_date":"2025-03-09T22:00:00.000Z","mood":"happy","energy_level":5,"stress_level":5,"sleep_hours":7,"notes":"Good","goals":"Happy","created_at":"2025-03-10T17:14:40.000Z"},{"entry_id":11,"user_id":2,"entry_date":"2025-03-17T22:00:00.000Z","mood":"happy","energy_level":6,"stress_level":7,"sleep_hours":6,"notes":"moi","goals":"moi","created_at":"2025-03-10T17:30:43.000Z"},{"entry_id":12,"user_id":2,"entry_date":"2025-03-19T22:00:00.000Z","mood":"happy","energy_level":5,"stress_level":5,"sleep_hours":5,"notes":"moi","goals":"moi","created_at":"2025-03-10T22:10:57.000Z"},{"entry_id":13,"user_id":2,"entry_date":"2025-03-19T22:00:00.000Z","mood":"happy","energy_level":5,"stress_level":5,"sleep_hours":8,"notes":"moi","goals":"moi","created_at":"2025-03-10T22:16:26.000Z"},{"entry_id":14,"user_id":2,"entry_date":"2025-03-05T22:00:00.000Z","mood":"happy","energy_level":4,"stress_level":5,"sleep_hours":7,"notes":"moi","goals":"moi","created_at":"2025-03-10T22:21:53.000Z"},{"entry_id":15,"user_id":2,"entry_date":"2025-03-12T22:00:00.000Z","mood":"happy","energy_level":5,"stress_level":6,"sleep_hours":5,"notes":"moi","goals":"moi","created_at":"2025-03-10T22:25:10.000Z"},{"entry_id":16,"user_id":2,"entry_date":"2025-03-06T22:00:00.000Z","mood":"happy","energy_level":6,"stress_level":5,"sleep_hours":5,"notes":"moi","goals":"moi","created_at":"2025-03-10T22:31:31.000Z"},{"entry_id":17,"user_id":2,"entry_date":"2025-03-10T22:00:00.000Z","mood":"stressed","energy_level":8,"stress_level":7,"sleep_hours":5,"notes":"Tired","goals":"Finish work","created_at":"2025-03-10T22:37:30.000Z"},{"entry_id":18,"user_id":2,"entry_date":"2025-03-10T22:00:00.000Z","mood":"happy","energy_level":6,"stress_level":8,"sleep_hours":7,"notes":"moi","goals":"moi","created_at":"2025-03-11T00:09:50.000Z"},{"entry_id":19,"user_id":2,"entry_date":"2025-03-10T22:00:00.000Z","mood":"happy","energy_level":5,"stress_level":5,"sleep_hours":5,"notes":"I am grateful","goals":"Save more money!","created_at":"2025-03-11T08:37:05.000Z"},{"entry_id":20,"user_id":2,"entry_date":"2025-03-10T22:00:00.000Z","mood":"moi","energy_level":5,"stress_level":5,"sleep_hours":6,"notes":"moi","goals":"moi","created_at":"2025-03-11T10:53:21.000Z"},{"entry_id":21,"user_id":2,"entry_date":"2025-03-10T22:00:00.000Z","mood":"happy","energy_level":6,"stress_level":8,"sleep_hours":8,"notes":"moi","goals":"moi","created_at":"2025-03-11T11:33:38.000Z"},{"entry_id":22,"user_id":2,"entry_date":"2025-04-02T21:00:00.000Z","mood":"iloinen","energy_level":6,"stress_level":5,"sleep_hours":6,"notes":"\nYes","goals":"Yes","created_at":"2025-04-03T11:29:55.000Z"},{"entry_id":23,"user_id":2,"entry_date":"2025-04-08T21:00:00.000Z","mood":"happy","energy_level":7,"stress_level":5,"sleep_hours":4,"notes":"moi","goals":"moi","created_at":"2025-04-03T13:51:36.000Z"},{"entry_id":24,"user_id":2,"entry_date":"2025-04-24T21:00:00.000Z","mood":"moi","energy_level":6,"stress_level":7,"sleep_hours":6,"notes":"moi","goals":"moi","created_at":"2025-04-03T13:57:41.000Z"},{"entry_id":25,"user_id":2,"entry_date":"2025-04-22T21:00:00.000Z","mood":"moi","energy_level":8,"stress_level":7,"sleep_hours":9,"notes":"\nmoi","goals":"moi","created_at":"2025-04-03T14:01:25.000Z"},{"entry_id":26,"user_id":2,"entry_date":"2025-04-10T21:00:00.000Z","mood":"okay","energy_level":6,"stress_level":5,"sleep_hours":5,"notes":"\ndone","goals":"done","created_at":"2025-04-03T14:14:48.000Z"},{"entry_id":27,"user_id":2,"entry_date":"2025-04-08T21:00:00.000Z","mood":"okay","energy_level":8,"stress_level":6,"sleep_hours":7,"notes":"iiii","goals":"noooooo","created_at":"2025-04-09T18:54:53.000Z"},{"entry_id":28,"user_id":2,"entry_date":"2025-04-08T21:00:00.000Z","mood":"iloinen","energy_level":6,"stress_level":5,"sleep_hours":9,"notes":"moi","goals":"jjjj","created_at":"2025-04-09T19:09:34.000Z"},{"entry_id":30,"user_id":2,"entry_date":"2025-04-11T21:00:00.000Z","mood":"iloinen","energy_level":6,"stress_level":6,"sleep_hours":6,"notes":"Testing","goals":"Testing","created_at":"2025-04-12T18:54:26.000Z"},{"entry_id":31,"user_id":2,"entry_date":"2025-04-24T21:00:00.000Z","mood":"iloinen","energy_level":5,"stress_level":5,"sleep_hours":6,"notes":"tttt","goals":"tttt","created_at":"2025-04-12T19:12:46.000Z"},{"entry_id":32,"user_id":2,"entry_date":"2025-04-22T21:00:00.000Z","mood":"moi","energy_level":4,"stress_level":7,"sleep_hours":8,"notes":"nnnn","goals":"nnnn","created_at":"2025-04-12T19:13:12.000Z"},{"entry_id":33,"user_id":2,"entry_date":"2025-04-11T21:00:00.000Z","mood":"okay","energy_level":6,"stress_level":6,"sleep_hours":5,"notes":"moimoi","goals":"testingtesting","created_at":"2025-04-12T19:17:27.000Z"},{"entry_id":34,"user_id":2,"entry_date":"2025-04-11T21:00:00.000Z","mood":"iloinen","energy_level":6,"stress_level":5,"sleep_hours":8,"notes":"okok","goals":"mumu","created_at":"2025-04-12T19:23:51.000Z"},{"entry_id":35,"user_id":2,"entry_date":"2025-04-11T21:00:00.000Z","mood":"iloinen","energy_level":5,"stress_level":8,"sleep_hours":5,"notes":"ttt","goals":"ttt","created_at":"2025-04-12T19:29:59.000Z"},{"entry_id":36,"user_id":2,"entry_date":"2025-04-11T21:00:00.000Z","mood":"happy","energy_level":6,"stress_level":7,"sleep_hours":5,"notes":"moi","goals":"ttt","created_at":"2025-04-12T20:04:21.000Z"},{"entry_id":37,"user_id":2,"entry_date":"2025-04-14T21:00:00.000Z","mood":"iloinen","energy_level":6,"stress_level":8,"sleep_hours":6,"notes":"Testing Testing","goals":"Testing","created_at":"2025-04-15T17:24:13.000Z"},{"entry_id":38,"user_id":2,"entry_date":"2025-04-29T21:00:00.000Z","mood":"iloinen","energy_level":6,"stress_level":5,"sleep_hours":10,"notes":"Testing Testing","goals":"Testing","created_at":"2025-04-15T17:24:54.000Z"},{"entry_id":39,"user_id":2,"entry_date":"2025-02-26T22:00:00.000Z","mood":"Happy","energy_level":8,"stress_level":3,"sleep_hours":8,"notes":"I had a good day!","goals":"Save more money!","created_at":"2025-04-17T15:16:23.000Z"},{"entry_id":40,"user_id":2,"entry_date":"2025-02-26T22:00:00.000Z","mood":"Happy","energy_level":8,"stress_level":3,"sleep_hours":8,"notes":"I had a good day!","goals":"Save more money!","created_at":"2025-04-17T15:40:11.000Z"},{"entry_id":41,"user_id":2,"entry_date":"2025-02-26T22:00:00.000Z","mood":"Happy","energy_level":8,"stress_level":3,"sleep_hours":8,"notes":"I had a good day!","goals":"Save more money!","created_at":"2025-04-17T15:40:20.000Z"},{"entry_id":42,"user_id":2,"entry_date":"2025-04-16T21:00:00.000Z","mood":"Happy","energy_level":7,"stress_level":3,"sleep_hours":8,"notes":"Testimerkintä Robot Frameworkista","goals":"Syödä terveellisemmin","created_at":"2025-04-17T16:03:59.000Z"},{"entry_id":43,"user_id":2,"entry_date":"2025-04-16T21:00:00.000Z","mood":"Happy","energy_level":7,"stress_level":3,"sleep_hours":8,"notes":"Testimerkintä Robot Frameworkista","goals":"Syödä terveellisemmin","created_at":"2025-04-17T16:04:28.000Z"},{"entry_id":44,"user_id":2,"entry_date":"2025-04-16T21:00:00.000Z","mood":"Happy","energy_level":7,"stress_level":3,"sleep_hours":8,"notes":"Testimerkintä Robot Frameworkista","goals":"Syödä terveellisemmin","created_at":"2025-04-17T16:12:36.000Z"},{"entry_id":45,"user_id":2,"entry_date":"2025-04-16T21:00:00.000Z","mood":"Happy","energy_level":7,"stress_level":3,"sleep_hours":8,"notes":"Testimerkintä Robot Frameworkista","goals":"Syödä terveellisemmin","created_at":"2025-04-17T16:14:48.000Z"},{"entry_id":46,"user_id":2,"entry_date":"2025-04-16T21:00:00.000Z","mood":"Calm","energy_level":6,"stress_level":4,"sleep_hours":7,"notes":"Merkintä päivitystestaukseen","goals":"Parantaa keskittymistä","created_at":"2025-04-17T16:14:48.000Z"},{"entry_id":47,"user_id":2,"entry_date":"2025-04-16T21:00:00.000Z","mood":"Happy","energy_level":7,"stress_level":3,"sleep_hours":8,"notes":"Testimerkintä Robot Frameworkista","goals":"Syödä terveellisemmin","created_at":"2025-04-17T16:17:25.000Z"},{"entry_id":48,"user_id":2,"entry_date":"2025-04-16T21:00:00.000Z","mood":"Calm","energy_level":6,"stress_level":4,"sleep_hours":7,"notes":"Merkintä päivitystestaukseen","goals":"Parantaa keskittymistä","created_at":"2025-04-17T16:17:25.000Z"},{"entry_id":49,"user_id":2,"entry_date":"2025-04-16T21:00:00.000Z","mood":"Happy","energy_level":7,"stress_level":3,... (set the log level to DEBUG or TRACE to see the full content) 
 </msg>
<msg time="2025-04-17T22:08:43.258297" level="INFO">${response} = &lt;Response [200]&gt;</msg>
<var>${response}</var>
<arg>api</arg>
<arg>/entries</arg>
<arg>headers=${headers}</arg>
<doc>Sends a GET request on a previously created HTTP Session.</doc>
<status status="PASS" start="2025-04-17T22:08:43.239751" elapsed="0.018591"/>
</kw>
<kw name="Status Should Be" owner="RequestsLibrary">
<arg>200</arg>
<arg>${response}</arg>
<doc>Fails if response status code is different than the expected.</doc>
<status status="PASS" start="2025-04-17T22:08:43.263512" elapsed="0.000577"/>
</kw>
<kw name="Log" owner="BuiltIn">
<msg time="2025-04-17T22:08:43.269375" level="INFO">Merkinnät: [{'entry_id': 2, 'user_id': 2, 'entry_date': '2025-02-26T22:00:00.000Z', 'mood': 'iloinen', 'energy_level': 5, 'stress_level': 3, 'sleep_hours': 6, 'notes': 'iloinen', 'goals': 'drink more water', 'created_at': '2025-03-04T12:37:33.000Z'}, {'entry_id': 3, 'user_id': 2, 'entry_date': '2025-02-26T22:00:00.000Z', 'mood': 'iloinen', 'energy_level': 5, 'stress_level': 3, 'sleep_hours': 6, 'notes': 'iloinen', 'goals': 'drink more water', 'created_at': '2025-03-09T21:51:04.000Z'}, {'entry_id': 4, 'user_id': 2, 'entry_date': '2025-02-26T22:00:00.000Z', 'mood': 'Happy', 'energy_level': 8, 'stress_level': 3, 'sleep_hours': 8, 'notes': 'I had a good day!', 'goals': 'Save more money!', 'created_at': '2025-03-10T11:21:42.000Z'}, {'entry_id': 5, 'user_id': 2, 'entry_date': '2025-02-26T22:00:00.000Z', 'mood': 'Happy', 'energy_level': 8, 'stress_level': 3, 'sleep_hours': 8, 'notes': 'I had a good day!', 'goals': 'Save more money!', 'created_at': '2025-03-10T15:09:37.000Z'}, {'entry_id': 6, 'user_id': 2, 'entry_date': '2025-02-26T22:00:00.000Z', 'mood': 'Happy', 'energy_level': 8, 'stress_level': 3, 'sleep_hours': 8, 'notes': 'I had a good day!', 'goals': 'Save more money!', 'created_at': '2025-03-10T15:10:54.000Z'}, {'entry_id': 7, 'user_id': 2, 'entry_date': '2025-03-09T22:00:00.000Z', 'mood': 'happy', 'energy_level': 5, 'stress_level': 5, 'sleep_hours': 7, 'notes': 'moi', 'goals': 'moi', 'created_at': '2025-03-10T15:14:37.000Z'}, {'entry_id': 8, 'user_id': 2, 'entry_date': '2003-01-08T22:00:00.000Z', 'mood': 'happy', 'energy_level': 5, 'stress_level': 8, 'sleep_hours': 6, 'notes': 'moi', 'goals': 'moi', 'created_at': '2025-03-10T16:55:05.000Z'}, {'entry_id': 9, 'user_id': 2, 'entry_date': '2003-01-08T22:00:00.000Z', 'mood': 'happy', 'energy_level': 5, 'stress_level': 8, 'sleep_hours': 6, 'notes': 'moi', 'goals': 'moi', 'created_at': '2025-03-10T16:55:54.000Z'}, {'entry_id': 10, 'user_id': 2, 'entry_date': '2025-03-09T22:00:00.000Z', 'mood': 'happy', 'energy_level': 5, 'stress_level': 5, 'sleep_hours': 7, 'notes': 'Good', 'goals': 'Happy', 'created_at': '2025-03-10T17:14:40.000Z'}, {'entry_id': 11, 'user_id': 2, 'entry_date': '2025-03-17T22:00:00.000Z', 'mood': 'happy', 'energy_level': 6, 'stress_level': 7, 'sleep_hours': 6, 'notes': 'moi', 'goals': 'moi', 'created_at': '2025-03-10T17:30:43.000Z'}, {'entry_id': 12, 'user_id': 2, 'entry_date': '2025-03-19T22:00:00.000Z', 'mood': 'happy', 'energy_level': 5, 'stress_level': 5, 'sleep_hours': 5, 'notes': 'moi', 'goals': 'moi', 'created_at': '2025-03-10T22:10:57.000Z'}, {'entry_id': 13, 'user_id': 2, 'entry_date': '2025-03-19T22:00:00.000Z', 'mood': 'happy', 'energy_level': 5, 'stress_level': 5, 'sleep_hours': 8, 'notes': 'moi', 'goals': 'moi', 'created_at': '2025-03-10T22:16:26.000Z'}, {'entry_id': 14, 'user_id': 2, 'entry_date': '2025-03-05T22:00:00.000Z', 'mood': 'happy', 'energy_level': 4, 'stress_level': 5, 'sleep_hours': 7, 'notes': 'moi', 'goals': 'moi', 'created_at': '2025-03-10T22:21:53.000Z'}, {'entry_id': 15, 'user_id': 2, 'entry_date': '2025-03-12T22:00:00.000Z', 'mood': 'happy', 'energy_level': 5, 'stress_level': 6, 'sleep_hours': 5, 'notes': 'moi', 'goals': 'moi', 'created_at': '2025-03-10T22:25:10.000Z'}, {'entry_id': 16, 'user_id': 2, 'entry_date': '2025-03-06T22:00:00.000Z', 'mood': 'happy', 'energy_level': 6, 'stress_level': 5, 'sleep_hours': 5, 'notes': 'moi', 'goals': 'moi', 'created_at': '2025-03-10T22:31:31.000Z'}, {'entry_id': 17, 'user_id': 2, 'entry_date': '2025-03-10T22:00:00.000Z', 'mood': 'stressed', 'energy_level': 8, 'stress_level': 7, 'sleep_hours': 5, 'notes': 'Tired', 'goals': 'Finish work', 'created_at': '2025-03-10T22:37:30.000Z'}, {'entry_id': 18, 'user_id': 2, 'entry_date': '2025-03-10T22:00:00.000Z', 'mood': 'happy', 'energy_level': 6, 'stress_level': 8, 'sleep_hours': 7, 'notes': 'moi', 'goals': 'moi', 'created_at': '2025-03-11T00:09:50.000Z'}, {'entry_id': 19, 'user_id': 2, 'entry_date': '2025-03-10T22:00:00.000Z', 'mood': 'happy', 'energy_level': 5, 'stress_level': 5, 'sleep_hours': 5, 'notes': 'I am grateful', 'goals': 'Save more money!', 'created_at': '2025-03-11T08:37:05.000Z'}, {'entry_id': 20, 'user_id': 2, 'entry_date': '2025-03-10T22:00:00.000Z', 'mood': 'moi', 'energy_level': 5, 'stress_level': 5, 'sleep_hours': 6, 'notes': 'moi', 'goals': 'moi', 'created_at': '2025-03-11T10:53:21.000Z'}, {'entry_id': 21, 'user_id': 2, 'entry_date': '2025-03-10T22:00:00.000Z', 'mood': 'happy', 'energy_level': 6, 'stress_level': 8, 'sleep_hours': 8, 'notes': 'moi', 'goals': 'moi', 'created_at': '2025-03-11T11:33:38.000Z'}, {'entry_id': 22, 'user_id': 2, 'entry_date': '2025-04-02T21:00:00.000Z', 'mood': 'iloinen', 'energy_level': 6, 'stress_level': 5, 'sleep_hours': 6, 'notes': '\nYes', 'goals': 'Yes', 'created_at': '2025-04-03T11:29:55.000Z'}, {'entry_id': 23, 'user_id': 2, 'entry_date': '2025-04-08T21:00:00.000Z', 'mood': 'happy', 'energy_level': 7, 'stress_level': 5, 'sleep_hours': 4, 'notes': 'moi', 'goals': 'moi', 'created_at': '2025-04-03T13:51:36.000Z'}, {'entry_id': 24, 'user_id': 2, 'entry_date': '2025-04-24T21:00:00.000Z', 'mood': 'moi', 'energy_level': 6, 'stress_level': 7, 'sleep_hours': 6, 'notes': 'moi', 'goals': 'moi', 'created_at': '2025-04-03T13:57:41.000Z'}, {'entry_id': 25, 'user_id': 2, 'entry_date': '2025-04-22T21:00:00.000Z', 'mood': 'moi', 'energy_level': 8, 'stress_level': 7, 'sleep_hours': 9, 'notes': '\nmoi', 'goals': 'moi', 'created_at': '2025-04-03T14:01:25.000Z'}, {'entry_id': 26, 'user_id': 2, 'entry_date': '2025-04-10T21:00:00.000Z', 'mood': 'okay', 'energy_level': 6, 'stress_level': 5, 'sleep_hours': 5, 'notes': '\ndone', 'goals': 'done', 'created_at': '2025-04-03T14:14:48.000Z'}, {'entry_id': 27, 'user_id': 2, 'entry_date': '2025-04-08T21:00:00.000Z', 'mood': 'okay', 'energy_level': 8, 'stress_level': 6, 'sleep_hours': 7, 'notes': 'iiii', 'goals': 'noooooo', 'created_at': '2025-04-09T18:54:53.000Z'}, {'entry_id': 28, 'user_id': 2, 'entry_date': '2025-04-08T21:00:00.000Z', 'mood': 'iloinen', 'energy_level': 6, 'stress_level': 5, 'sleep_hours': 9, 'notes': 'moi', 'goals': 'jjjj', 'created_at': '2025-04-09T19:09:34.000Z'}, {'entry_id': 30, 'user_id': 2, 'entry_date': '2025-04-11T21:00:00.000Z', 'mood': 'iloinen', 'energy_level': 6, 'stress_level': 6, 'sleep_hours': 6, 'notes': 'Testing', 'goals': 'Testing', 'created_at': '2025-04-12T18:54:26.000Z'}, {'entry_id': 31, 'user_id': 2, 'entry_date': '2025-04-24T21:00:00.000Z', 'mood': 'iloinen', 'energy_level': 5, 'stress_level': 5, 'sleep_hours': 6, 'notes': 'tttt', 'goals': 'tttt', 'created_at': '2025-04-12T19:12:46.000Z'}, {'entry_id': 32, 'user_id': 2, 'entry_date': '2025-04-22T21:00:00.000Z', 'mood': 'moi', 'energy_level': 4, 'stress_level': 7, 'sleep_hours': 8, 'notes': 'nnnn', 'goals': 'nnnn', 'created_at': '2025-04-12T19:13:12.000Z'}, {'entry_id': 33, 'user_id': 2, 'entry_date': '2025-04-11T21:00:00.000Z', 'mood': 'okay', 'energy_level': 6, 'stress_level': 6, 'sleep_hours': 5, 'notes': 'moimoi', 'goals': 'testingtesting', 'created_at': '2025-04-12T19:17:27.000Z'}, {'entry_id': 34, 'user_id': 2, 'entry_date': '2025-04-11T21:00:00.000Z', 'mood': 'iloinen', 'energy_level': 6, 'stress_level': 5, 'sleep_hours': 8, 'notes': 'okok', 'goals': 'mumu', 'created_at': '2025-04-12T19:23:51.000Z'}, {'entry_id': 35, 'user_id': 2, 'entry_date': '2025-04-11T21:00:00.000Z', 'mood': 'iloinen', 'energy_level': 5, 'stress_level': 8, 'sleep_hours': 5, 'notes': 'ttt', 'goals': 'ttt', 'created_at': '2025-04-12T19:29:59.000Z'}, {'entry_id': 36, 'user_id': 2, 'entry_date': '2025-04-11T21:00:00.000Z', 'mood': 'happy', 'energy_level': 6, 'stress_level': 7, 'sleep_hours': 5, 'notes': 'moi', 'goals': 'ttt', 'created_at': '2025-04-12T20:04:21.000Z'}, {'entry_id': 37, 'user_id': 2, 'entry_date': '2025-04-14T21:00:00.000Z', 'mood': 'iloinen', 'energy_level': 6, 'stress_level': 8, 'sleep_hours': 6, 'notes': 'Testing Testing', 'goals': 'Testing', 'created_at': '2025-04-15T17:24:13.000Z'}, {'entry_id': 38, 'user_id': 2, 'entry_date': '2025-04-29T21:00:00.000Z', 'mood': 'iloinen', 'energy_level': 6, 'stress_level': 5, 'sleep_hours': 10, 'notes': 'Testing Testing', 'goals': 'Testing', 'created_at': '2025-04-15T17:24:54.000Z'}, {'entry_id': 39, 'user_id': 2, 'entry_date': '2025-02-26T22:00:00.000Z', 'mood': 'Happy', 'energy_level': 8, 'stress_level': 3, 'sleep_hours': 8, 'notes': 'I had a good day!', 'goals': 'Save more money!', 'created_at': '2025-04-17T15:16:23.000Z'}, {'entry_id': 40, 'user_id': 2, 'entry_date': '2025-02-26T22:00:00.000Z', 'mood': 'Happy', 'energy_level': 8, 'stress_level': 3, 'sleep_hours': 8, 'notes': 'I had a good day!', 'goals': 'Save more money!', 'created_at': '2025-04-17T15:40:11.000Z'}, {'entry_id': 41, 'user_id': 2, 'entry_date': '2025-02-26T22:00:00.000Z', 'mood': 'Happy', 'energy_level': 8, 'stress_level': 3, 'sleep_hours': 8, 'notes': 'I had a good day!', 'goals': 'Save more money!', 'created_at': '2025-04-17T15:40:20.000Z'}, {'entry_id': 42, 'user_id': 2, 'entry_date': '2025-04-16T21:00:00.000Z', 'mood': 'Happy', 'energy_level': 7, 'stress_level': 3, 'sleep_hours': 8, 'notes': 'Testimerkintä Robot Frameworkista', 'goals': 'Syödä terveellisemmin', 'created_at': '2025-04-17T16:03:59.000Z'}, {'entry_id': 43, 'user_id': 2, 'entry_date': '2025-04-16T21:00:00.000Z', 'mood': 'Happy', 'energy_level': 7, 'stress_level': 3, 'sleep_hours': 8, 'notes': 'Testimerkintä Robot Frameworkista', 'goals': 'Syödä terveellisemmin', 'created_at': '2025-04-17T16:04:28.000Z'}, {'entry_id': 44, 'user_id': 2, 'entry_date': '2025-04-16T21:00:00.000Z', 'mood': 'Happy', 'energy_level': 7, 'stress_level': 3, 'sleep_hours': 8, 'notes': 'Testimerkintä Robot Frameworkista', 'goals': 'Syödä terveellisemmin', 'created_at': '2025-04-17T16:12:36.000Z'}, {'entry_id': 45, 'user_id': 2, 'entry_date': '2025-04-16T21:00:00.000Z', 'mood': 'Happy', 'energy_level': 7, 'stress_level': 3, 'sleep_hours': 8, 'notes': 'Testimerkintä Robot Frameworkista', 'goals': 'Syödä terveellisemmin', 'created_at': '2025-04-17T16:14:48.000Z'}, {'entry_id': 46, 'user_id': 2, 'entry_date': '2025-04-16T21:00:00.000Z', 'mood': 'Calm', 'energy_level': 6, 'stress_level': 4, 'sleep_hours': 7, 'notes': 'Merkintä päivitystestaukseen', 'goals': 'Parantaa keskittymistä', 'created_at': '2025-04-17T16:14:48.000Z'}, {'entry_id': 47, 'user_id': 2, 'entry_date': '2025-04-16T21:00:00.000Z', 'mood': 'Happy', 'energy_level': 7, 'stress_level': 3, 'sleep_hours': 8, 'notes': 'Testimerkintä Robot Frameworkista', 'goals': 'Syödä terveellisemmin', 'created_at': '2025-04-17T16:17:25.000Z'}, {'entry_id': 48, 'user_id': 2, 'entry_date': '2025-04-16T21:00:00.000Z', 'mood': 'Calm', 'energy_level': 6, 'stress_level': 4, 'sleep_hours': 7, 'notes': 'Merkintä päivitystestaukseen', 'goals': 'Parantaa keskittymistä', 'created_at': '2025-04-17T16:17:25.000Z'}, {'entry_id': 49, 'user_id': 2, 'entry_date': '2025-04-16T21:00:00.000Z', 'mood': 'Happy', 'energy_level': 7, 'stress_level': 3, 'sleep_hours': 8, 'notes': 'Testimerkintä Robot Frameworkista', 'goals': 'Syödä terveellisemmin', 'created_at': '2025-04-17T16:19:44.000Z'}, {'entry_id': 50, 'user_id': 2, 'entry_date': '2025-04-16T21:00:00.000Z', 'mood': 'Calm', 'energy_level': 6, 'stress_level': 4, 'sleep_hours': 7, 'notes': 'Merkintä päivitystestaukseen', 'goals': 'Parantaa keskittymistä', 'created_at': '2025-04-17T16:19:45.000Z'}, {'entry_id': 51, 'user_id': 2, 'entry_date': '2025-04-16T21:00:00.000Z', 'mood': 'Happy', 'energy_level': 7, 'stress_level': 3, 'sleep_hours': 8, 'notes': 'Testimerkintä Robot Frameworkista', 'goals': 'Syödä terveellisemmin', 'created_at': '2025-04-17T16:20:22.000Z'}, {'entry_id': 52, 'user_id': 2, 'entry_date': '2025-04-16T21:00:00.000Z', 'mood': 'Happy', 'energy_level': 7, 'stress_level': 3, 'sleep_hours': 8, 'notes': 'Testimerkintä Robot Frameworkista', 'goals': 'Syödä terveellisemmin', 'created_at': '2025-04-17T19:01:07.000Z'}, {'entry_id': 53, 'user_id': 2, 'entry_date': '2025-04-16T21:00:00.000Z', 'mood': 'Happy', 'energy_level': 7, 'stress_level': 3, 'sleep_hours': 8, 'notes': 'Testimerkintä Robot Frameworkista', 'goals': 'Syödä terveellisemmin', 'created_at': '2025-04-17T19:05:32.000Z'}]</msg>
<arg>Merkinnät: ${response.json()}</arg>
<doc>Logs the given message with the given level.</doc>
<status status="PASS" start="2025-04-17T22:08:43.264423" elapsed="0.005774"/>
</kw>
<status status="PASS" start="2025-04-17T22:08:43.238555" elapsed="0.032000"/>
</test>
<test id="s1-s1-t2" name="Lisää uusi merkintä tokenilla" line="32">
<kw name="Create Dictionary" owner="BuiltIn">
<msg time="2025-04-17T22:08:43.273886" level="INFO">${headers} = {'Authorization': 'Bearer eyJhbGciOiJIUzI1NiIsInR5cCI6IkpXVCJ9.eyJ1c2VyX2lkIjoyLCJ1c2VybmFtZSI6IngzNDUiLCJwYXNzd29yZCI6IiQyYSQxMCRhaVN5TzFCdW54YjZ1NEZVV29NQlQuak9OZGpKSk9jMlNpRWd1R0NmV0Y4T2xzVlJrU3dpM...</msg>
<var>${headers}</var>
<arg>Authorization=${token}</arg>
<arg>Content-Type=application/json</arg>
<doc>Creates and returns a dictionary based on the given ``items``.</doc>
<status status="PASS" start="2025-04-17T22:08:43.271677" elapsed="0.002295"/>
</kw>
<kw name="Create Dictionary" owner="BuiltIn">
<msg time="2025-04-17T22:08:43.276044" level="INFO">${data} = {'entry_date': '2025-04-17', 'mood': 'Happy', 'energy_level': '7', 'stress_level': '3', 'sleep_hours': '8', 'notes': 'Testimerkintä Robot Frameworkista', 'goals': 'Syödä terveellisemmin'}</msg>
<var>${data}</var>
<arg>entry_date=2025-04-17</arg>
<arg>mood=Happy</arg>
<arg>energy_level=7</arg>
<arg>stress_level=3</arg>
<arg>sleep_hours=8</arg>
<arg>notes=Testimerkintä Robot Frameworkista</arg>
<arg>goals=Syödä terveellisemmin</arg>
<doc>Creates and returns a dictionary based on the given ``items``.</doc>
<status status="PASS" start="2025-04-17T22:08:43.274992" elapsed="0.001136"/>
</kw>
<kw name="POST On Session" owner="RequestsLibrary">
<msg time="2025-04-17T22:08:43.302093" level="INFO">POST Request : url=http://127.0.0.1:3000/api/entries 
 path_url=/api/entries 
 headers={'User-Agent': 'python-requests/2.32.2', 'Accept-Encoding': 'gzip, deflate, br, zstd', 'Accept': '*/*', 'Connection': 'keep-alive', 'Authorization': 'Bearer eyJhbGciOiJIUzI1NiIsInR5cCI6IkpXVCJ9.eyJ1c2VyX2lkIjoyLCJ1c2VybmFtZSI6IngzNDUiLCJwYXNzd29yZCI6IiQyYSQxMCRhaVN5TzFCdW54YjZ1NEZVV29NQlQuak9OZGpKSk9jMlNpRWd1R0NmV0Y4T2xzVlJrU3dpMiIsImVtYWlsIjoieHhAZXhhbXBsZS5jb20iLCJjcmVhdGVkX2F0IjoiMjAyNS0wMy0wNFQxMToxMDo1NS4wMDBaIiwidXNlcl9sZXZlbCI6InJlZ3VsYXIiLCJpYXQiOjE3NDQ5MTY5MjMsImV4cCI6MTc0NTAwMzMyM30.A1TjN8g1LOmX8iTYALQ6eQCUrypYacRCKhtYUUhN1SE', 'Content-Type': 'application/json', 'Content-Length': '202'} 
 body=b'{"entry_date": "2025-04-17", "mood": "Happy", "energy_level": "7", "stress_level": "3", "sleep_hours": "8", "notes": "Testimerkint\\u00e4 Robot Frameworkista", "goals": "Sy\\u00f6d\\u00e4 terveellisemmin"}' 
 </msg>
<msg time="2025-04-17T22:08:43.302209" level="INFO">POST Response : url=http://127.0.0.1:3000/api/entries 
 status=201, reason=Created 
 headers={'X-Powered-By': 'Express', 'Access-Control-Allow-Origin': '*', 'Content-Type': 'application/json; charset=utf-8', 'Content-Length': '26', 'ETag': 'W/"1a-XDNFNFrqeHHuclsYQ3uTbTzfT2A"', 'Date': 'Thu, 17 Apr 2025 19:08:43 GMT', 'Connection': 'keep-alive', 'Keep-Alive': 'timeout=5'} 
 body={"message":"Entry added."} 
 </msg>
<msg time="2025-04-17T22:08:43.302388" level="INFO">${response} = &lt;Response [201]&gt;</msg>
<var>${response}</var>
<arg>api</arg>
<arg>/entries</arg>
<arg>headers=${headers}</arg>
<arg>json=${data}</arg>
<doc>Sends a POST request on a previously created HTTP Session.</doc>
<status status="PASS" start="2025-04-17T22:08:43.276498" elapsed="0.025932"/>
</kw>
<kw name="Log" owner="BuiltIn">
<msg time="2025-04-17T22:08:43.303364" level="INFO">Vastauksen status: 201</msg>
<arg>Vastauksen status: ${response.status_code}</arg>
<doc>Logs the given message with the given level.</doc>
<status status="PASS" start="2025-04-17T22:08:43.302684" elapsed="0.000826"/>
</kw>
<kw name="Log" owner="BuiltIn">
<msg time="2025-04-17T22:08:43.304439" level="INFO">Palautettu sisältö: {'message': 'Entry added.'}</msg>
<arg>Palautettu sisältö: ${response.json()}</arg>
<doc>Logs the given message with the given level.</doc>
<status status="PASS" start="2025-04-17T22:08:43.303800" elapsed="0.000713"/>
</kw>
<kw name="Status Should Be" owner="RequestsLibrary">
<arg>201</arg>
<arg>${response}</arg>
<doc>Fails if response status code is different than the expected.</doc>
<status status="PASS" start="2025-04-17T22:08:43.305815" elapsed="0.000890"/>
</kw>
<status status="PASS" start="2025-04-17T22:08:43.271011" elapsed="0.036337"/>
</test>
<status status="PASS" start="2025-04-17T22:08:42.556256" elapsed="0.751965"/>
</suite>
<suite id="s1-s2" name="Login-Test" source="/Users/abonti/Documents/Terveyspäiväkirja/tests/login-test.robot">
<test id="s1-s2-t1" name="Login To Health Diary With Encrypted Vars" line="14">
<kw name="New Browser" owner="Browser">
<msg time="2025-04-17T22:08:49.697907" level="INFO">{"browser": "chromium", "headless": false, "chromiumSandbox": false, "devtools": false, "handleSIGHUP": true, "handleSIGINT": true, "handleSIGTERM": true, "slowMo": 0.0, "timeout": 30000.0, "tracesDir": "/Users/abonti/Documents/Terveyspa\u0308iva\u0308kirja/outputs/browser/traces/temp/f78db738-2455-4c05-af4e-f597c5f920fe"}</msg>
<msg time="2025-04-17T22:08:49.791214" level="INFO">Starting Browser process /Applications/anaconda3/lib/python3.12/site-packages/Browser/wrapper/index.js using port 52206</msg>
<msg time="2025-04-17T22:08:49.791661" level="INFO">Node startup parameters: ['node', '/Applications/anaconda3/lib/python3.12/site-packages/Browser/wrapper/index.js', '52206']</msg>
<msg time="2025-04-17T22:08:53.482064" level="INFO">Successfully created browser with options: {"browser":"chromium","headless":false,"chromiumSandbox":false,"devtools":false,"handleSIGHUP":true,"handleSIGINT":true,"handleSIGTERM":true,"slowMo":0,"timeout":30000,"tracesDir":"/Users/abonti/Documents/Terveyspäiväkirja/outputs/browser/traces/temp/f78db738-2455-4c05-af4e-f597c5f920fe"}</msg>
<arg>chromium</arg>
<arg>headless=No</arg>
<tag>BrowserControl</tag>
<tag>Setter</tag>
<doc>Create a new playwright Browser with specified options.</doc>
<status status="PASS" start="2025-04-17T22:08:49.696871" elapsed="3.786303"/>
</kw>
<kw name="New Page" owner="Browser">
<msg time="2025-04-17T22:08:55.227674" level="INFO">Successfully initialized new page object and opened url: http://127.0.0.1:3001/Diary-FE-2025-main/vite-project/src/html/login.html</msg>
<msg time="2025-04-17T22:08:55.227825" level="INFO">No context was open. New context was automatically opened when this page is created.</msg>
<arg>${BaseUrl}/login.html</arg>
<tag>BrowserControl</tag>
<tag>Setter</tag>
<doc>Open a new Page.</doc>
<status status="PASS" start="2025-04-17T22:08:53.484258" elapsed="1.743826"/>
</kw>
<kw name="Get Title" owner="Browser">
<msg time="2025-04-17T22:08:55.244967" level="INFO">Title: 'Login Form'</msg>
<arg>==</arg>
<arg>Login Form</arg>
<tag>Assertion</tag>
<tag>Getter</tag>
<tag>PageContent</tag>
<doc>Returns the title of the current page.</doc>
<status status="PASS" start="2025-04-17T22:08:55.228806" elapsed="0.016457"/>
</kw>
<kw name="Type Text" owner="Browser">
<msg time="2025-04-17T22:08:55.247663" level="INFO">Types the text '***' in the given field.</msg>
<arg>id=login-username</arg>
<arg>${Username}</arg>
<arg>delay=0.2 s</arg>
<tag>PageContent</tag>
<tag>Setter</tag>
<doc>Types the given ``txt`` into the text field found by ``selector``.</doc>
<status status="PASS" start="2025-04-17T22:08:55.245948" elapsed="1.495383"/>
</kw>
<kw name="Type Secret" owner="Browser">
<arg>id=login-pass</arg>
<arg>$Password</arg>
<arg>delay=0.2 s</arg>
<tag>PageContent</tag>
<tag>Setter</tag>
<doc>Types the given secret from ``variable_name`` into the text field
found by ``selector``.</doc>
<status status="PASS" start="2025-04-17T22:08:56.742265" elapsed="1.291811"/>
</kw>
<kw name="Click" owner="Browser">
<msg time="2025-04-17T22:08:58.037270" level="INFO">Clicks the element 'css=.login-button'.</msg>
<arg>css=.login-button</arg>
<tag>PageContent</tag>
<tag>Setter</tag>
<doc>Simulates mouse click on the element found by ``selector``.</doc>
<status status="PASS" start="2025-04-17T22:08:58.035598" elapsed="0.107090"/>
</kw>
<kw name="Sleep" owner="BuiltIn">
<msg time="2025-04-17T22:09:00.145384" level="INFO">Slept 2 seconds.</msg>
<arg>2 s</arg>
<doc>Pauses the test executed for the given time.</doc>
<status status="PASS" start="2025-04-17T22:08:58.143146" elapsed="2.002513"/>
</kw>
<msg time="2025-04-17T22:09:00.159881" level="INFO">Set timeout to: 10000</msg>
<status status="PASS" start="2025-04-17T22:08:49.693894" elapsed="10.452269"/>
</test>
<status status="PASS" start="2025-04-17T22:08:43.309749" elapsed="16.851988"/>
</suite>
<suite id="s1-s3" name="New-Entry-Test" source="/Users/abonti/Documents/Terveyspäiväkirja/tests/new-entry-test.robot">
<test id="s1-s3-t1" name="Lisää uusi päiväkirjamerkintä" line="6">
<kw name="New Browser" owner="Browser">
<msg time="2025-04-17T22:09:00.851589" level="INFO">{"browser": "chromium", "headless": false, "chromiumSandbox": false, "devtools": false, "handleSIGHUP": true, "handleSIGINT": true, "handleSIGTERM": true, "slowMo": 0.0, "timeout": 30000.0, "tracesDir": "/Users/abonti/Documents/Terveyspa\u0308iva\u0308kirja/outputs/browser/traces/temp/4afe9640-f2e3-451c-a99a-eec71dee4dcc"}</msg>
<msg time="2025-04-17T22:09:00.990951" level="INFO">Starting Browser process /Applications/anaconda3/lib/python3.12/site-packages/Browser/wrapper/index.js using port 52240</msg>
<msg time="2025-04-17T22:09:00.991331" level="INFO">Node startup parameters: ['node', '/Applications/anaconda3/lib/python3.12/site-packages/Browser/wrapper/index.js', '52240']</msg>
<msg time="2025-04-17T22:09:04.429019" level="INFO">Successfully created browser with options: {"browser":"chromium","headless":false,"chromiumSandbox":false,"devtools":false,"handleSIGHUP":true,"handleSIGINT":true,"handleSIGTERM":true,"slowMo":0,"timeout":30000,"tracesDir":"/Users/abonti/Documents/Terveyspäiväkirja/outputs/browser/traces/temp/4afe9640-f2e3-451c-a99a-eec71dee4dcc"}</msg>
<arg>chromium</arg>
<arg>headless=No</arg>
<tag>BrowserControl</tag>
<tag>Setter</tag>
<doc>Create a new playwright Browser with specified options.</doc>
<status status="PASS" start="2025-04-17T22:09:00.849946" elapsed="3.579509"/>
</kw>
<kw name="New Page" owner="Browser">
<msg time="2025-04-17T22:09:06.013967" level="INFO">Successfully initialized new page object and opened url: http://127.0.0.1:3001/Diary-FE-2025-main/vite-project/src/html/diary-page.html</msg>
<msg time="2025-04-17T22:09:06.014079" level="INFO">No context was open. New context was automatically opened when this page is created.</msg>
<arg>http://127.0.0.1:3001/Diary-FE-2025-main/vite-project/src/html/diary-page.html</arg>
<tag>BrowserControl</tag>
<tag>Setter</tag>
<doc>Open a new Page.</doc>
<status status="PASS" start="2025-04-17T22:09:04.430634" elapsed="1.583659"/>
</kw>
<kw name="Get Title" owner="Browser">
<msg time="2025-04-17T22:09:06.033828" level="INFO">Title: 'Päiväkirja'</msg>
<arg>==</arg>
<arg>Päiväkirja</arg>
<tag>Assertion</tag>
<tag>Getter</tag>
<tag>PageContent</tag>
<doc>Returns the title of the current page.</doc>
<status status="PASS" start="2025-04-17T22:09:06.014610" elapsed="0.019530"/>
</kw>
<kw name="Type Text" owner="Browser">
<msg time="2025-04-17T22:09:06.039246" level="INFO">Types the text '2025-03-28' in the given field.</msg>
<arg>id=entry_date</arg>
<arg>${DATE}</arg>
<tag>PageContent</tag>
<tag>Setter</tag>
<doc>Types the given ``txt`` into the text field found by ``selector``.</doc>
<status status="PASS" start="2025-04-17T22:09:06.035378" elapsed="0.376006"/>
</kw>
<kw name="Type Text" owner="Browser">
<msg time="2025-04-17T22:09:06.414178" level="INFO">Types the text 'Relaxed' in the given field.</msg>
<arg>id=mood</arg>
<arg>${MOOD}</arg>
<tag>PageContent</tag>
<tag>Setter</tag>
<doc>Types the given ``txt`` into the text field found by ``selector``.</doc>
<status status="PASS" start="2025-04-17T22:09:06.412562" elapsed="0.106714"/>
</kw>
<kw name="Type Text" owner="Browser">
<msg time="2025-04-17T22:09:06.520941" level="INFO">Types the text '8' in the given field.</msg>
<arg>id=energy_level</arg>
<arg>${ENERGY}</arg>
<tag>PageContent</tag>
<tag>Setter</tag>
<doc>Types the given ``txt`` into the text field found by ``selector``.</doc>
<status status="PASS" start="2025-04-17T22:09:06.519739" elapsed="0.088646"/>
</kw>
<kw name="Type Text" owner="Browser">
<msg time="2025-04-17T22:09:06.611497" level="INFO">Types the text '3' in the given field.</msg>
<arg>id=stress_level</arg>
<arg>${STRESS}</arg>
<tag>PageContent</tag>
<tag>Setter</tag>
<doc>Types the given ``txt`` into the text field found by ``selector``.</doc>
<status status="PASS" start="2025-04-17T22:09:06.608968" elapsed="0.037050"/>
</kw>
<kw name="Type Text" owner="Browser">
<msg time="2025-04-17T22:09:06.647307" level="INFO">Types the text '7' in the given field.</msg>
<arg>id=sleep_hours</arg>
<arg>${SLEEP}</arg>
<tag>PageContent</tag>
<tag>Setter</tag>
<doc>Types the given ``txt`` into the text field found by ``selector``.</doc>
<status status="PASS" start="2025-04-17T22:09:06.646497" elapsed="0.034757"/>
</kw>
<kw name="Type Text" owner="Browser">
<msg time="2025-04-17T22:09:06.682683" level="INFO">Types the text 'Felt good today after a walk.' in the given field.</msg>
<arg>id=notes</arg>
<arg>${NOTES}</arg>
<tag>PageContent</tag>
<tag>Setter</tag>
<doc>Types the given ``txt`` into the text field found by ``selector``.</doc>
<status status="PASS" start="2025-04-17T22:09:06.681849" elapsed="0.118355"/>
</kw>
<kw name="Type Text" owner="Browser">
<msg time="2025-04-17T22:09:06.801361" level="INFO">Types the text 'Drink more water and go to bed earlier.' in the given field.</msg>
<arg>id=goals</arg>
<arg>${GOALS}</arg>
<tag>PageContent</tag>
<tag>Setter</tag>
<doc>Types the given ``txt`` into the text field found by ``selector``.</doc>
<status status="PASS" start="2025-04-17T22:09:06.800607" elapsed="0.140961"/>
</kw>
<kw name="Click" owner="Browser">
<msg time="2025-04-17T22:09:06.943522" level="INFO">Clicks the element 'css=input.createEntry'.</msg>
<arg>css=input.createEntry</arg>
<tag>PageContent</tag>
<tag>Setter</tag>
<doc>Simulates mouse click on the element found by ``selector``.</doc>
<status status="PASS" start="2025-04-17T22:09:06.942125" elapsed="0.378445"/>
</kw>
<kw name="Sleep" owner="BuiltIn">
<msg time="2025-04-17T22:09:09.323136" level="INFO">Slept 2 seconds.</msg>
<arg>2s</arg>
<doc>Pauses the test executed for the given time.</doc>
<status status="PASS" start="2025-04-17T22:09:07.321061" elapsed="2.002246"/>
</kw>
<kw name="Get Text" owner="Browser">
<msg time="2025-04-17T22:09:09.457940" level="INFO">Text: 'Your Diary Summary'</msg>
<arg>css=h2</arg>
<arg>==</arg>
<arg>Your Diary Summary</arg>
<tag>Assertion</tag>
<tag>Getter</tag>
<tag>PageContent</tag>
<doc>Returns text attribute of the element found by ``selector``.</doc>
<status status="PASS" start="2025-04-17T22:09:09.323684" elapsed="0.134525"/>
</kw>
<msg time="2025-04-17T22:09:09.481154" level="INFO">Set timeout to: 10000</msg>
<status status="PASS" start="2025-04-17T22:09:00.848719" elapsed="8.610399"/>
</test>
<status status="PASS" start="2025-04-17T22:09:00.516014" elapsed="8.966159"/>
</suite>
<suite id="s1-s4" name="Webform-Test" source="/Users/abonti/Documents/Terveyspäiväkirja/tests/webform-test.robot">
<test id="s1-s4-t1" name="Test Web Form Elements" line="5">
<kw name="New Browser" owner="Browser">
<msg time="2025-04-17T22:09:09.498966" level="INFO">Switching browser to browser=ffbc42bd-35f5-45db-8d0f-5a42fd99ff1f</msg>
<msg time="2025-04-17T22:09:09.510118" level="INFO">Successfully changed active browser: browser=ffbc42bd-35f5-45db-8d0f-5a42fd99ff1f</msg>
<msg time="2025-04-17T22:09:09.510393" level="INFO">Reusing existing browser with id: browser=ffbc42bd-35f5-45db-8d0f-5a42fd99ff1f</msg>
<arg>chromium</arg>
<arg>headless=No</arg>
<tag>BrowserControl</tag>
<tag>Setter</tag>
<doc>Create a new playwright Browser with specified options.</doc>
<status status="PASS" start="2025-04-17T22:09:09.498116" elapsed="0.012443"/>
</kw>
<kw name="New Page" owner="Browser">
<msg time="2025-04-17T22:09:10.670407" level="INFO">Successfully initialized new page object and opened url: https://www.selenium.dev/selenium/web/web-form.html</msg>
<arg>https://www.selenium.dev/selenium/web/web-form.html</arg>
<tag>BrowserControl</tag>
<tag>Setter</tag>
<doc>Open a new Page.</doc>
<status status="PASS" start="2025-04-17T22:09:09.511346" elapsed="1.160253"/>
</kw>
<kw name="Get Title" owner="Browser">
<msg time="2025-04-17T22:09:10.767206" level="INFO">Title: 'Web form'</msg>
<arg>==</arg>
<arg>Web form</arg>
<tag>Assertion</tag>
<tag>Getter</tag>
<tag>PageContent</tag>
<doc>Returns the title of the current page.</doc>
<status status="PASS" start="2025-04-17T22:09:10.672358" elapsed="0.095316"/>
</kw>
<kw name="Select Options By" owner="Browser">
<msg time="2025-04-17T22:09:10.769815" level="INFO">Selects the option(s) 2 by attribute SelectAttribute.value from element css=select[name="my-select"].</msg>
<arg>css=select[name="my-select"]</arg>
<arg>value</arg>
<arg>2</arg>
<tag>PageContent</tag>
<tag>Setter</tag>
<doc>Selects options from select element found by ``selector``.</doc>
<status status="PASS" start="2025-04-17T22:09:10.768505" elapsed="0.131019"/>
</kw>
<kw name="Type Text" owner="Browser">
<msg time="2025-04-17T22:09:10.901843" level="INFO">Types the text 'New York' in the given field.</msg>
<arg>css=input[name="my-datalist"]</arg>
<arg>New York</arg>
<tag>PageContent</tag>
<tag>Setter</tag>
<doc>Types the given ``txt`` into the text field found by ``selector``.</doc>
<status status="PASS" start="2025-04-17T22:09:10.900045" elapsed="0.255029"/>
</kw>
<kw name="Upload File By Selector" owner="Browser">
<arg>css=input[name="my-file"]</arg>
<arg>/Users/abonti/Documents/Terveyspäiväkirja/tests/../resources/testfile.txt</arg>
<tag>PageContent</tag>
<tag>Setter</tag>
<doc>Uploads file from ``path`` to file input element matched by selector.</doc>
<status status="PASS" start="2025-04-17T22:09:11.155979" elapsed="0.051995"/>
</kw>
<kw name="Click" owner="Browser">
<msg time="2025-04-17T22:09:11.210156" level="INFO">Clicks the element 'css=input[id="my-check-1"]'.</msg>
<arg>css=input[id="my-check-1"]</arg>
<tag>PageContent</tag>
<tag>Setter</tag>
<doc>Simulates mouse click on the element found by ``selector``.</doc>
<status status="PASS" start="2025-04-17T22:09:11.208828" elapsed="0.777026"/>
</kw>
<kw name="Click" owner="Browser">
<msg time="2025-04-17T22:09:11.986896" level="INFO">Clicks the element 'css=input[id="my-radio-1"]'.</msg>
<arg>css=input[id="my-radio-1"]</arg>
<tag>PageContent</tag>
<tag>Setter</tag>
<doc>Simulates mouse click on the element found by ``selector``.</doc>
<status status="PASS" start="2025-04-17T22:09:11.986206" elapsed="0.067469"/>
</kw>
<kw name="Click With Options" owner="Browser">
<msg time="2025-04-17T22:09:12.054901" level="INFO">Clicks the element 'css=button'.</msg>
<arg>css=button</arg>
<arg>delay=2 s</arg>
<tag>PageContent</tag>
<tag>Setter</tag>
<doc>Simulates mouse click on the element found by ``selector``.</doc>
<status status="PASS" start="2025-04-17T22:09:12.054045" elapsed="2.268325"/>
</kw>
<kw name="Get Text" owner="Browser">
<msg time="2025-04-17T22:09:14.376458" level="INFO">Text: 'Received!'</msg>
<arg>id=message</arg>
<arg>==</arg>
<arg>Received!</arg>
<tag>Assertion</tag>
<tag>Getter</tag>
<tag>PageContent</tag>
<doc>Returns text attribute of the element found by ``selector``.</doc>
<status status="PASS" start="2025-04-17T22:09:14.323720" elapsed="0.052903"/>
</kw>
<msg time="2025-04-17T22:09:14.380563" level="INFO">Set timeout to: 10000</msg>
<status status="PASS" start="2025-04-17T22:09:09.497186" elapsed="4.879888"/>
</test>
<status status="PASS" start="2025-04-17T22:09:09.490569" elapsed="4.890893"/>
</suite>
<status status="PASS" start="2025-04-17T22:08:42.463690" elapsed="31.928833"/>
</suite>
<statistics>
<total>
<stat pass="5" fail="0" skip="0">All Tests</stat>
</total>
<tag>
</tag>
<suite>
<stat name="Tests" id="s1" pass="5" fail="0" skip="0">Tests</stat>
<stat name="Api-Test" id="s1-s1" pass="2" fail="0" skip="0">Tests.Api-Test</stat>
<stat name="Login-Test" id="s1-s2" pass="1" fail="0" skip="0">Tests.Login-Test</stat>
<stat name="New-Entry-Test" id="s1-s3" pass="1" fail="0" skip="0">Tests.New-Entry-Test</stat>
<stat name="Webform-Test" id="s1-s4" pass="1" fail="0" skip="0">Tests.Webform-Test</stat>
</suite>
</statistics>
<errors>
</errors>
</robot>
